[INFO  - 2019-10-05T11:10:28.860Z] GhostDriver - Main - running on port 44290
[INFO  - 2019-10-05T11:10:33.239Z] Session [bfcde810-e760-11e9-a8af-b3e844d4d191] - page.settings - {"XSSAuditingEnabled":false,"javascriptCanCloseWindows":true,"javascriptCanOpenWindows":true,"javascriptEnabled":true,"loadImages":true,"localToRemoteUrlAccessEnabled":false,"userAgent":"Mozilla/5.0 (Windows NT 6.2; WOW64) AppleWebKit/538.1 (KHTML, like Gecko) PhantomJS/2.1.1 Safari/538.1","webSecurityEnabled":true}
[INFO  - 2019-10-05T11:10:33.239Z] Session [bfcde810-e760-11e9-a8af-b3e844d4d191] - page.customHeaders:  - {}
[INFO  - 2019-10-05T11:10:33.239Z] Session [bfcde810-e760-11e9-a8af-b3e844d4d191] - Session.negotiatedCapabilities - {"browserName":"phantomjs","version":"2.1.1","driverName":"ghostdriver","driverVersion":"1.2.0","platform":"windows-10-32bit","javascriptEnabled":true,"takesScreenshot":true,"handlesAlerts":false,"databaseEnabled":false,"locationContextEnabled":false,"applicationCacheEnabled":false,"browserConnectionEnabled":false,"cssSelectorsEnabled":true,"webStorageEnabled":false,"rotatable":false,"acceptSslCerts":false,"nativeEvents":true,"proxy":{"proxyType":"direct"}}
[INFO  - 2019-10-05T11:10:33.239Z] SessionManagerReqHand - _postNewSessionCommand - New Session Created: bfcde810-e760-11e9-a8af-b3e844d4d191
[ERROR - 2019-10-05T11:10:34.731Z] Session [bfcde810-e760-11e9-a8af-b3e844d4d191] - page.onError - msg: ReferenceError: Can't find variable: toastr

  phantomjs://platform/console++.js:263 in error
[ERROR - 2019-10-05T11:10:34.731Z] Session [bfcde810-e760-11e9-a8af-b3e844d4d191] - page.onError - stack:
  global code (https://www.manhuadui.com/js/config.js:20)

  phantomjs://platform/console++.js:263 in error
[ERROR - 2019-10-05T11:11:36.543Z] Session [bfcde810-e760-11e9-a8af-b3e844d4d191] - page.onError - msg: ReferenceError: Can't find variable: toastr

  phantomjs://platform/console++.js:263 in error
[ERROR - 2019-10-05T11:11:36.543Z] Session [bfcde810-e760-11e9-a8af-b3e844d4d191] - page.onError - stack:
  global code (https://www.manhuadui.com/js/config.js:20)

  phantomjs://platform/console++.js:263 in error
[ERROR - 2019-10-05T11:11:37.294Z] Session [bfcde810-e760-11e9-a8af-b3e844d4d191] - page.onError - msg: ReferenceError: Can't find variable: toastr

  phantomjs://platform/console++.js:263 in error
[ERROR - 2019-10-05T11:11:37.294Z] Session [bfcde810-e760-11e9-a8af-b3e844d4d191] - page.onError - stack:
  global code (https://www.manhuadui.com/js/config.js:20)

  phantomjs://platform/console++.js:263 in error
[ERROR - 2019-10-05T11:11:39.388Z] Session [bfcde810-e760-11e9-a8af-b3e844d4d191] - page.onError - msg: ReferenceError: Can't find variable: toastr

  phantomjs://platform/console++.js:263 in error
[ERROR - 2019-10-05T11:11:39.388Z] Session [bfcde810-e760-11e9-a8af-b3e844d4d191] - page.onError - stack:
  global code (https://www.manhuadui.com/js/config.js:20)

  phantomjs://platform/console++.js:263 in error
[ERROR - 2019-10-05T11:11:40.887Z] Session [bfcde810-e760-11e9-a8af-b3e844d4d191] - page.onError - msg: ReferenceError: Can't find variable: toastr

  phantomjs://platform/console++.js:263 in error
[ERROR - 2019-10-05T11:11:40.887Z] Session [bfcde810-e760-11e9-a8af-b3e844d4d191] - page.onError - stack:
  global code (https://www.manhuadui.com/js/config.js:20)

  phantomjs://platform/console++.js:263 in error
[ERROR - 2019-10-05T11:11:41.765Z] Session [bfcde810-e760-11e9-a8af-b3e844d4d191] - page.onError - msg: ReferenceError: Can't find variable: toastr

  phantomjs://platform/console++.js:263 in error
[ERROR - 2019-10-05T11:11:41.765Z] Session [bfcde810-e760-11e9-a8af-b3e844d4d191] - page.onError - stack:
  global code (https://www.manhuadui.com/js/config.js:20)

  phantomjs://platform/console++.js:263 in error
[ERROR - 2019-10-05T11:11:42.930Z] Session [bfcde810-e760-11e9-a8af-b3e844d4d191] - page.onError - msg: ReferenceError: Can't find variable: toastr

  phantomjs://platform/console++.js:263 in error
[ERROR - 2019-10-05T11:11:42.930Z] Session [bfcde810-e760-11e9-a8af-b3e844d4d191] - page.onError - stack:
  global code (https://www.manhuadui.com/js/config.js:20)

  phantomjs://platform/console++.js:263 in error
[ERROR - 2019-10-05T11:11:43.786Z] Session [bfcde810-e760-11e9-a8af-b3e844d4d191] - page.onError - msg: ReferenceError: Can't find variable: toastr

  phantomjs://platform/console++.js:263 in error
[ERROR - 2019-10-05T11:11:43.786Z] Session [bfcde810-e760-11e9-a8af-b3e844d4d191] - page.onError - stack:
  global code (https://www.manhuadui.com/js/config.js:20)

  phantomjs://platform/console++.js:263 in error
[ERROR - 2019-10-05T11:11:44.389Z] Session [bfcde810-e760-11e9-a8af-b3e844d4d191] - page.onError - msg: ReferenceError: Can't find variable: toastr

  phantomjs://platform/console++.js:263 in error
[ERROR - 2019-10-05T11:11:44.389Z] Session [bfcde810-e760-11e9-a8af-b3e844d4d191] - page.onError - stack:
  global code (https://www.manhuadui.com/js/config.js:20)

  phantomjs://platform/console++.js:263 in error
[ERROR - 2019-10-05T11:11:44.965Z] Session [bfcde810-e760-11e9-a8af-b3e844d4d191] - page.onError - msg: ReferenceError: Can't find variable: toastr

  phantomjs://platform/console++.js:263 in error
[ERROR - 2019-10-05T11:11:44.965Z] Session [bfcde810-e760-11e9-a8af-b3e844d4d191] - page.onError - stack:
  global code (https://www.manhuadui.com/js/config.js:20)

  phantomjs://platform/console++.js:263 in error
[ERROR - 2019-10-05T11:11:46.532Z] Session [bfcde810-e760-11e9-a8af-b3e844d4d191] - page.onError - msg: ReferenceError: Can't find variable: toastr

  phantomjs://platform/console++.js:263 in error
[ERROR - 2019-10-05T11:11:46.532Z] Session [bfcde810-e760-11e9-a8af-b3e844d4d191] - page.onError - stack:
  global code (https://www.manhuadui.com/js/config.js:20)

  phantomjs://platform/console++.js:263 in error
[ERROR - 2019-10-05T11:11:48.903Z] Session [bfcde810-e760-11e9-a8af-b3e844d4d191] - page.onError - msg: ReferenceError: Can't find variable: toastr

  phantomjs://platform/console++.js:263 in error
[ERROR - 2019-10-05T11:11:48.903Z] Session [bfcde810-e760-11e9-a8af-b3e844d4d191] - page.onError - stack:
  global code (https://www.manhuadui.com/js/config.js:20)

  phantomjs://platform/console++.js:263 in error
[ERROR - 2019-10-05T11:11:50.779Z] Session [bfcde810-e760-11e9-a8af-b3e844d4d191] - page.onError - msg: ReferenceError: Can't find variable: toastr

  phantomjs://platform/console++.js:263 in error
[ERROR - 2019-10-05T11:11:50.780Z] Session [bfcde810-e760-11e9-a8af-b3e844d4d191] - page.onError - stack:
  global code (https://www.manhuadui.com/js/config.js:20)

  phantomjs://platform/console++.js:263 in error
[ERROR - 2019-10-05T11:11:51.742Z] Session [bfcde810-e760-11e9-a8af-b3e844d4d191] - page.onError - msg: ReferenceError: Can't find variable: toastr

  phantomjs://platform/console++.js:263 in error
[ERROR - 2019-10-05T11:11:51.742Z] Session [bfcde810-e760-11e9-a8af-b3e844d4d191] - page.onError - stack:
  global code (https://www.manhuadui.com/js/config.js:20)

  phantomjs://platform/console++.js:263 in error
[ERROR - 2019-10-05T11:11:53.768Z] Session [bfcde810-e760-11e9-a8af-b3e844d4d191] - page.onError - msg: ReferenceError: Can't find variable: toastr

  phantomjs://platform/console++.js:263 in error
[ERROR - 2019-10-05T11:11:53.768Z] Session [bfcde810-e760-11e9-a8af-b3e844d4d191] - page.onError - stack:
  global code (https://www.manhuadui.com/js/config.js:20)

  phantomjs://platform/console++.js:263 in error
[ERROR - 2019-10-05T11:11:55.359Z] Session [bfcde810-e760-11e9-a8af-b3e844d4d191] - page.onError - msg: Referen[INFO  - 2019-10-05T11:14:19.841Z] SessionManagerReqHand - _cleanupWindowlessSessions - Asynchronous Sessions clean-up phase starting NOW
[INFO  - 2019-10-05T11:19:19.851Z] SessionManagerReqHand - _cleanupWindowlessSessions - Asynchronous Sessions clean-up phase starting NOW
[INFO  - 2019-10-05T11:24:19.860Z] SessionManagerReqHand - _cleanupWindowlessSessions - Asynchronous Sessions clean-up phase starting NOW
[INFO  - 2019-10-05T11:29:19.864Z] SessionManagerReqHand - _cleanupWindowlessSessions - Asynchronous Sessions clean-up phase starting NOW
[INFO  - 2019-10-05T11:34:19.876Z] SessionManagerReqHand - _cleanupWindowlessSessions - Asynchronous Sessions clean-up phase starting NOW
[INFO  - 2019-10-05T11:39:19.889Z] SessionManagerReqHand - _cleanupWindowlessSessions - Asynchronous Sessions clean-up phase starting NOW
[INFO  - 2019-10-05T11:44:19.893Z] SessionManagerReqHand - _cleanupWindowlessSessions - Asynchronous Sessions clean-up phase starting NOW
[INFO  - 2019-10-05T11:49:19.892Z] SessionManagerReqHand - _cleanupWindowlessSessions - Asynchronous Sessions clean-up phase starting NOW
[INFO  - 2019-10-05T11:54:19.897Z] SessionManagerReqHand - _cleanupWindowlessSessions - Asynchronous Sessions clean-up phase starting NOW
[INFO  - 2019-10-05T11:59:19.905Z] SessionManagerReqHand - _cleanupWindowlessSessions - Asynchronous Sessions clean-up phase starting NOW
[INFO  - 2019-10-05T12:04:19.907Z] SessionManagerReqHand - _cleanupWindowlessSessions - Asynchronous Sessions clean-up phase starting NOW
[INFO  - 2019-10-05T12:09:19.907Z] SessionManagerReqHand - _cleanupWindowlessSessions - Asynchronous Sessions clean-up phase starting NOW
[INFO  - 2019-10-05T12:14:19.922Z] SessionManagerReqHand - _cleanupWindowlessSessions - Asynchronous Sessions clean-up phase starting NOW
[INFO  - 2019-10-05T12:42:27.934Z] SessionManagerReqHand - _cleanupWindowlessSessions - Asynchronous Sessions clean-up phase starting NOW
//platform/console++.js:263 in error
[ERROR - 2019-10-05T11:12:00.600Z] Session [bfcde810-e760-11e9-a8af-b3e844d4d191] - page.onError - msg: ReferenceError: Can't find variable: toastr

  phantomjs://platform/console++.js:263 in error
[ERROR - 2019-10-05T11:12:00.600Z] Session [bfcde810-e760-11e9-a8af-b3e844d4d191] - page.onError - stack:
  global code (https://www.manhuadui.com/js/config.js:20)

  phantomjs://platform/console++.js:263 in error
[ERROR - 2019-10-05T11:12:01.316Z] Session [bfcde810-e760-11e9-a8af-b3e844d4d191] - page.onError - msg: ReferenceError: Can't find variable: toastr

  phantomjs://platform/console++.js:263 in error
[ERROR - 2019-10-05T11:12:01.316Z] Session [bfcde810-e760-11e9-a8af-b3e844d4d191] - page.onError - stack:
  global code (https://www.manhuadui.com/js/config.js:20)

  phantomjs://platform/console++.js:263 in error
[ERROR - 2019-10-05T11:12:02.078Z] Session [bfcde810-e760-11e9-a8af-b3e844d4d191] - page.onError - msg: ReferenceError: Can't find variable: toastr

  phantomjs://platform/console++.js:263 in error
[ERROR - 2019-10-05T11:12:02.078Z] Session [bfcde810-e760-11e9-a8af-b3e844d4d191] - page.onError - stack:
  global code (https://www.manhuadui.com/js/config.js:20)

  phantomjs://platform/console++.js:263 in error
[ERROR - 2019-10-05T11:12:02.746Z] Session [bfcde810-e760-11e9-a8af-b3e844d4d191] - page.onError - msg: ReferenceError: Can't find variable: toastr

  phantomjs://platform/console++.js:263 in error
[ERROR - 2019-10-05T11:12:02.746Z] Session [bfcde810-e760-11e9-a8af-b3e844d4d191] - page.onError - stack:
  global code (https://www.manhuadui.com/js/config.js:20)

  phantomjs://platform/console++.js:263 in error
[ERROR - 2019-10-05T11:12:03.442Z] Session [bfcde810-e760-11e9-a8af-b3e844d4d191] - page.onError - msg: ReferenceError: Can't find variable: toastr

  phantomjs://platform/console++.js:263 in error
[ERROR - 2019-10-05T11:12:03.442Z] Session [bfcde810-e760-11e9-a8af-b3e844d4d191] - page.onError - stack:
  global code (https://www.manhuadui.com/js/config.js:20)

  phantomjs://platform/console++.js:263 in error
[ERROR - 2019-10-05T11:12:04.139Z] Session [bfcde810-e760-11e9-a8af-b3e844d4d191] - page.onError - msg: ReferenceError: Can't find variable: toastr

  phantomjs://platform/console++.js:263 in error
[ERROR - 2019-10-05T11:12:04.139Z] Session [bfcde810-e760-11e9-a8af-b3e844d4d191] - page.onError - stack:
  global code (https://www.manhuadui.com/js/config.js:20)

  phantomjs://platform/console++.js:263 in error
[ERROR - 2019-10-05T11:12:04.780Z] Session [bfcde810-e760-11e9-a8af-b3e844d4d191] - page.onError - msg: ReferenceError: Can't find variable: toastr

  phantomjs://platform/console++.js:263 in error
[ERROR - 2019-10-05T11:12:04.780Z] Session [bfcde810-e760-11e9-a8af-b3e844d4d191] - page.onError - stack:
  global code (https://www.manhuadui.com/js/config.js:20)

  phantomjs://platform/console++.js:263 in error
[ERROR - 2019-10-05T11:12:05.406Z] Session [bfcde810-e760-11e9-a8af-b3e844d4d191] - page.onError - msg: ReferenceError: Can't find variable: toastr

  phantomjs://platform/console++.js:263 in error
[ERROR - 2019-10-05T11:12:05.406Z] Session [bfcde810-e760-11e9-a8af-b3e844d4d191] - page.onError - stack:
  global code (https://www.manhuadui.com/js/config.js:20)

  phantomjs://platform/console++.js:263 in error
[ERROR - 2019-10-05T11:12:06.041Z] Session [bfcde810-e760-11e9-a8af-b3e844d4d191] - page.onError - msg: ReferenceError: Can't find variable: toastr

  phantomjs://platform/console++.js:263 in error
[ERROR - 2019-10-05T11:12:06.041Z] Session [bfcde810-e760-11e9-a8af-b3e844d4d191] - page.onError - stack:
  global code (https://www.manhuadui.com/js/config.js:20)

  phantomjs://platform/console++.js:263 in error
[ERROR - 2019-10-05T11:12:06.741Z] Session [bfcde810-e760-11e9-a8af-b3e844d4d191] - page.onError - msg: ReferenceError: Can't find variable: toastr

  phantomjs://platform/console++.js:263 in error
[ERROR - 2019-10-05T11:12:06.742Z] Session [bfcde810-e760-11e9-a8af-b3e844d4d191] - page.onError - stack:
  global code (https://www.manhuadui.com/js/config.js:20)

  phantomjs://platform/console++.js:263 in error
[ERROR - 2019-10-05T11:12:07.470Z] Session [bfcde810-e760-11e9-a8af-b3e844d4d191] - page.onError - msg: ReferenceError: Can't find variable: toastr

  phantomjs://platform/console++.js:263 in error
[ERROR - 2019-10-05T11:12:07.470Z] Session [bfcde810-e760-11e9-a8af-b3e844d4d191] - page.onError - stack:
  global code (https://www.manhuadui.com/js/config.js:20)

  phantomjs://platform/console++.js:263 in error
[ERROR - 2019-10-05T11:12:09.463Z] Session [bfcde810-e760-11e9-a8af-b3e844d4d191] - page.onError - msg: ReferenceError: Can't find variable: toastr

  phantomjs://platform/console++.js:263 in error
[ERROR - 2019-10-05T11:12:09.463Z] Session [bfcde810-e760-11e9-a8af-b3e844d4d191] - page.onError - stack:
  global code (https://www.manhuadui.com/js/config.js:20)

  phantomjs://platform/console++.js:263 in error
[ERROR - 2019-10-05T11:12:10.674Z] Session [bfcde810-e760-11e9-a8af-b3e844d4d191] - page.onError - msg: ReferenceError: Can't find variable: toastr

  phantomjs://platform/console++.js:263 in error
[ERROR - 2019-10-05T11:12:10.674Z] Session [bfcde810-e760-11e9-a8af-b3e844d4d191] - page.onError - stack:
  global code (https://www.manhuadui.com/js/config.js:20)

  phantomjs://platform/console++.js:263 in error
[ERROR - 2019-10-05T11:12:11.651Z] Session [bfcde810-e760-11e9-a8af-b3e844d4d191] - page.onError - msg: ReferenceError: Can't find variable: toastr

  phantomjs://platform/console++.js:263 in error
[ERROR - 2019-10-05T11:12:11.651Z] Session [bfcde810-e760-11e9-a8af-b3e844d4d191] - page.onError - stack:
  global code (https://www.manhuadui.com/js/config.js:20)

  phantomjs://platform/console++.js:263 in error
[ERROR - 2019-10-05T11:12:12.358Z] Session [bfcde810-e760-11e9-a8af-b3e844d4d191] - page.onError - msg: ReferenceError: Can't find variable: toastr

  phantomjs://platform/console++.js:263 in error
[ERROR - 2019-10-05T11:12:12.358Z] Session [bfcde810-e760-11e9-a8af-b3e844d4d191] - page.onError - stack:
  global code (https://www.manhuadui.com/js/config.js:20)

  phantomjs://platform/console++.js:263 in error
[ERROR - 2019-10-05T11:12:13.214Z] Session [bfcde810-e760-11e9-a8af-b3e844d4d191] - page.onError - msg: ReferenceError: Can't find variable: toastr

  phantomjs://platform/console++.js:263 in error
[ERROR - 2019-10-05T11:12:13.214Z] Session [bfcde810-e760-11e9-a8af-b3e844d4d191] - page.onError - stack:
  global code (https://www.manhuadui.com/js/config.js:20)

  phantomjs://platform/console++.js:263 in error
[ERROR - 2019-10-05T11:12:13.851Z] Session [bfcde810-e760-11e9-a8af-b3e844d4d191] - page.onError - msg: ReferenceError: Can't find variable: toastr

  phantomjs://platform/console++.js:263 in error
[ERROR - 2019-10-05T11:12:13.852Z] Session [bfcde810-e760-11e9-a8af-b3e844d4d191] - page.onError - stack:
  global code (https://www.manhuadui.com/js/config.js:20)

  phantomjs://platform/console++.js:263 in error
[ERROR - 2019-10-05T11:12:15.638Z] Session [bfcde810-e760-11e9-a8af-b3e844d4d191] - page.onError - msg: ReferenceError: Can't find variable: toastr

  phantomjs://platform/console++.js:263 in error
[ERROR - 2019-10-05T11:12:15.638Z] Session [bfcde810-e760-11e9-a8af-b3e844d4d191] - page.onError - stack:
  global code (https://www.manhuadui.com/js/config.js:20)

  phantomjs://platform/console++.js:263 in error
[ERROR - 2019-10-05T11:12:16.197Z] Session [bfcde810-e760-11e9-a8af-b3e844d4d191] - page.onError - msg: ReferenceError: Can't find variable: toastr

  phantomjs://platform/console++.js:263 in error
[ERROR - 2019-10-05T11:12:16.197Z] Session [bfcde810-e760-11e9-a8af-b3e844d4d191] - page.onError - stack:
  global code (https://www.manhuadui.com/js/config.js:20)

  phantomjs://platform/console++.js:263 in error
[ERROR - 2019-10-05T11:12:17.045Z] Session [bfcde810-e760-11e9-a8af-b3e844d4d191] - page.onError - msg: ReferenceError: Can't find variable: toastr

  phantomjs://platform/console++.js:263 in error
[ERROR - 2019-10-05T11:12:17.045Z] Session [bfcde810-e760-11e9-a8af-b3e844d4d191] - page.onError - stack:
  global code (https://www.manhuadui.com/js/config.js:20)

  phantomjs://platform/console++.js:263 in error
[ERROR - 2019-10-05T11:12:18.342Z] Session [bfcde810-e760-11e9-a8af-b3e844d4d191] - page.onError - msg: ReferenceError: Can't find variable: toastr

  phantomjs://platform/console++.js:263 in error
[ERROR - 2019-10-05T11:12:18.342Z] Session [bfcde810-e760-11e9-a8af-b3e844d4d191] - page.onError - stack:
  global code (https://www.manhuadui.com/js/config.js:20)

  phantomjs://platform/console++.js:263 in error
[ERROR - 2019-10-05T11:12:19.494Z] Session [bfcde810-e760-11e9-a8af-b3e844d4d191] - page.onError - msg: ReferenceError: Can't find variable: toastr

  phantomjs://platform/console++.js:263 in error
[ERROR - 2019-10-05T11:12:19.494Z] Session [bfcde810-e760-11e9-a8af-b3e844d4d191] - page.onError - stack:
  global code (https://www.manhuadui.com/js/config.js:20)

  phantomjs://platform/console++.js:263 in error
[ERROR - 2019-10-05T11:12:22.183Z] Session [bfcde810-e760-11e9-a8af-b3e844d4d191] - page.onError - msg: ReferenceError: Can't find variable: toastr

  phantomjs://platform/console++.js:263 in error
[ERROR - 2019-10-05T11:12:22.183Z] Session [bfcde810-e760-11e9-a8af-b3e844d4d191] - page.onError - stack:
  global code (https://www.manhuadui.com/js/config.js:20)

  phantomjs://platform/console++.js:263 in error
[ERROR - 2019-10-05T11:12:25.195Z] Session [bfcde810-e760-11e9-a8af-b3e844d4d191] - page.onError - msg: ReferenceError: Can't find variable: toastr

  phantomjs://platform/console++.js:263 in error
[ERROR - 2019-10-05T11:12:25.196Z] Session [bfcde810-e760-11e9-a8af-b3e844d4d191] - page.onError - stack:
  global code (https://www.manhuadui.com/js/config.js:20)

  phantomjs://platform/console++.js:263 in error
[ERROR - 2019-10-05T11:12:26.667Z] Session [bfcde810-e760-11e9-a8af-b3e844d4d191] - page.onError - msg: ReferenceError: Can't find variable: toastr

  phantomjs://platform/console++.js:263 in error
[ERROR - 2019-10-05T11:12:26.667Z] Session [bfcde810-e760-11e9-a8af-b3e844d4d191] - page.onError - stack:
  global code (https://www.manhuadui.com/js/config.js:20)

  phantomjs://platform/console++.js:263 in error
[ERROR - 2019-10-05T11:12:28.246Z] Session [bfcde810-e760-11e9-a8af-b3e844d4d191] - page.onError - msg: ReferenceError: Can't find variable: toastr

  phantomjs://platform/console++.js:263 in error
[ERROR - 2019-10-05T11:12:28.247Z] Session [bfcde810-e760-11e9-a8af-b3e844d4d191] - page.onError - stack:
  global code (https://www.manhuadui.com/js/config.js:20)

  phantomjs://platform/console++.js:263 in error
[ERROR - 2019-10-05T11:12:29.426Z] Session [bfcde810-e760-11e9-a8af-b3e844d4d191] - page.onError - msg: ReferenceError: Can't find variable: toastr

  phantomjs://platform/console++.js:263 in error
[ERROR - 2019-10-05T11:12:29.426Z] Session [bfcde810-e760-11e9-a8af-b3e844d4d191] - page.onError - stack:
  global code (https://www.manhuadui.com/js/config.js:20)

  phantomjs://platform/console++.js:263 in error
[ERROR - 2019-10-05T11:12:30.536Z] Session [bfcde810-e760-11e9-a8af-b3e844d4d191] - page.onError - msg: ReferenceError: Can't find variable: toastr

  phantomjs://platform/console++.js:263 in error
[ERROR - 2019-10-05T11:12:30.536Z] Session [bfcde810-e760-11e9-a8af-b3e844d4d191] - page.onError - stack:
  global code (https://www.manhuadui.com/js/config.js:20)

  phantomjs://platform/console++.js:263 in error
[ERROR - 2019-10-05T11:12:31.302Z] Session [bfcde810-e760-11e9-a8af-b3e844d4d191] - page.onError - msg: ReferenceError: Can't find variable: toastr

  phantomjs://platform/console++.js:263 in error
[ERROR - 2019-10-05T11:12:31.302Z] Session [bfcde810-e760-11e9-a8af-b3e844d4d191] - page.onError - stack:
  global code (https://www.manhuadui.com/js/config.js:20)

  phantomjs://platform/console++.js:263 in error
[ERROR - 2019-10-05T11:12:32.853Z] Session [bfcde810-e760-11e9-a8af-b3e844d4d191] - page.onError - msg: ReferenceError: Can't find variable: toastr

  phantomjs://platform/console++.js:263 in error
[ERROR - 2019-10-05T11:12:32.853Z] Session [bfcde810-e760-11e9-a8af-b3e844d4d191] - page.onError - stack:
  global code (https://www.manhuadui.com/js/config.js:20)

  phantomjs://platform/console++.js:263 in error
[ERROR - 2019-10-05T11:12:33.500Z] Session [bfcde810-e760-11e9-a8af-b3e844d4d191] - page.onError - msg: ReferenceError: Can't find variable: toastr

  phantomjs://platform/console++.js:263 in error
[ERROR - 2019-10-05T11:12:33.500Z] Session [bfcde810-e760-11e9-a8af-b3e844d4d191] - page.onError - stack:
  global code (https://www.manhuadui.com/js/config.js:20)

  phantomjs://platform/console++.js:263 in error
[ERROR - 2019-10-05T11:12:34.243Z] Session [bfcde810-e760-11e9-a8af-b3e844d4d191] - page.onError - msg: ReferenceError: Can't find variable: toastr

  phantomjs://platform/console++.js:263 in error
[ERROR - 2019-10-05T11:12:34.244Z] Session [bfcde810-e760-11e9-a8af-b3e844d4d191] - page.onError - stack:
  global code (https://www.manhuadui.com/js/config.js:20)

  phantomjs://platform/console++.js:263 in error
[ERROR - 2019-10-05T11:12:34.955Z] Session [bfcde810-e760-11e9-a8af-b3e844d4d191] - page.onError - msg: ReferenceError: Can't find variable: toastr

  phantomjs://platform/console++.js:263 in error
[ERROR - 2019-10-05T11:12:34.955Z] Session [bfcde810-e760-11e9-a8af-b3e844d4d191] - page.onError - stack:
  global code (https://www.manhuadui.com/js/config.js:20)

  phantomjs://platform/console++.js:263 in error
[ERROR - 2019-10-05T11:12:35.641Z] Session [bfcde810-e760-11e9-a8af-b3e844d4d191] - page.onError - msg: ReferenceError: Can't find variable: toastr

  phantomjs://platform/console++.js:263 in error
[ERROR - 2019-10-05T11:12:35.641Z] Session [bfcde810-e760-11e9-a8af-b3e844d4d191] - page.onError - stack:
  global code (https://www.manhuadui.com/js/config.js:20)

  phantomjs://platform/console++.js:263 in error
[ERROR - 2019-10-05T11:12:36.430Z] Session [bfcde810-e760-11e9-a8af-b3e844d4d191] - page.onError - msg: ReferenceError: Can't find variable: toastr

  phantomjs://platform/console++.js:263 in error
[ERROR - 2019-10-05T11:12:36.430Z] Session [bfcde810-e760-11e9-a8af-b3e844d4d191] - page.onError - stack:
  global code (https://www.manhuadui.com/js/config.js:20)

  phantomjs://platform/console++.js:263 in error
[ERROR - 2019-10-05T11:12:38.156Z] Session [bfcde810-e760-11e9-a8af-b3e844d4d191] - page.onError - msg: ReferenceError: Can't find variable: toastr

  phantomjs://platform/console++.js:263 in error
[ERROR - 2019-10-05T11:12:38.156Z] Session [bfcde810-e760-11e9-a8af-b3e844d4d191] - page.onError - stack:
  global code (https://www.manhuadui.com/js/config.js:20)

  phantomjs://platform/console++.js:263 in error
[ERROR - 2019-10-05T11:12:40.469Z] Session [bfcde810-e760-11e9-a8af-b3e844d4d191] - page.onError - msg: ReferenceError: Can't find variable: toastr

  phantomjs://platform/console++.js:263 in error
[ERROR - 2019-10-05T11:12:40.469Z] Session [bfcde810-e760-11e9-a8af-b3e844d4d191] - page.onError - stack:
  global code (https://www.manhuadui.com/js/config.js:20)

  phantomjs://platform/console++.js:263 in error
[ERROR - 2019-10-05T11:12:41.663Z] Session [bfcde810-e760-11e9-a8af-b3e844d4d191] - page.onError - msg: ReferenceError: Can't find variable: toastr

  phantomjs://platform/console++.js:263 in error
[ERROR - 2019-10-05T11:12:41.664Z] Session [bfcde810-e760-11e9-a8af-b3e844d4d191] - page.onError - stack:
  global code (https://www.manhuadui.com/js/config.js:20)

  phantomjs://platform/console++.js:263 in error
[ERROR - 2019-10-05T11:12:42.434Z] Session [bfcde810-e760-11e9-a8af-b3e844d4d191] - page.onError - msg: ReferenceError: Can't find variable: toastr

  phantomjs://platform/console++.js:263 in error
[ERROR - 2019-10-05T11:12:42.434Z] Session [bfcde810-e760-11e9-a8af-b3e844d4d191] - page.onError - stack:
  global code (https://www.manhuadui.com/js/config.js:20)

  phantomjs://platform/console++.js:263 in error
[ERROR - 2019-10-05T11:12:43.875Z] Session [bfcde810-e760-11e9-a8af-b3e844d4d191] - page.onError - msg: ReferenceError: Can't find variable: toastr

  phantomjs://platform/console++.js:263 in error
[ERROR - 2019-10-05T11:12:43.875Z] Session [bfcde810-e760-11e9-a8af-b3e844d4d191] - page.onError - stack:
  global code (https://www.manhuadui.com/js/config.js:20)

  phantomjs://platform/console++.js:263 in error
[ERROR - 2019-10-05T11:12:44.690Z] Session [bfcde810-e760-11e9-a8af-b3e844d4d191] - page.onError - msg: ReferenceError: Can't find variable: toastr

  phantomjs://platform/console++.js:263 in error
[ERROR - 2019-10-05T11:12:44.690Z] Session [bfcde810-e760-11e9-a8af-b3e844d4d191] - page.onError - stack:
  global code (https://www.manhuadui.com/js/config.js:20)

  phantomjs://platform/console++.js:263 in error
[ERROR - 2019-10-05T11:12:45.446Z] Session [bfcde810-e760-11e9-a8af-b3e844d4d191] - page.onError - msg: ReferenceError: Can't find variable: toastr

  phantomjs://platform/console++.js:263 in error
[ERROR - 2019-10-05T11:12:45.446Z] Session [bfcde810-e760-11e9-a8af-b3e844d4d191] - page.onError - stack:
  global code (https://www.manhuadui.com/js/config.js:20)

  phantomjs://platform/console++.js:263 in error
[ERROR - 2019-10-05T11:12:46.175Z] Session [bfcde810-e760-11e9-a8af-b3e844d4d191] - page.onError - msg: ReferenceError: Can't find variable: toastr

  phantomjs://platform/console++.js:263 in error
[ERROR - 2019-10-05T11:12:46.176Z] Session [bfcde810-e760-11e9-a8af-b3e844d4d191] - page.onError - stack:
  global code (https://www.manhuadui.com/js/config.js:20)

  phantomjs://platform/console++.js:263 in error
[ERROR - 2019-10-05T11:12:47.160Z] Session [bfcde810-e760-11e9-a8af-b3e844d4d191] - page.onError - msg: ReferenceError: Can't find variable: toastr

  phantomjs://platform/console++.js:263 in error
[ERROR - 2019-10-05T11:12:47.160Z] Session [bfcde810-e760-11e9-a8af-b3e844d4d191] - page.onError - stack:
  global code (https://www.manhuadui.com/js/config.js:20)

  phantomjs://platform/console++.js:263 in error
[ERROR - 2019-10-05T11:12:48.636Z] Session [bfcde810-e760-11e9-a8af-b3e844d4d191] - page.onError - msg: ReferenceError: Can't find variable: toastr

  phantomjs://platform/console++.js:263 in error
[ERROR - 2019-10-05T11:12:48.636Z] Session [bfcde810-e760-11e9-a8af-b3e844d4d191] - page.onError - stack:
  global code (https://www.manhuadui.com/js/config.js:20)

  phantomjs://platform/console++.js:263 in error
[ERROR - 2019-10-05T11:12:49.876Z] Session [bfcde810-e760-11e9-a8af-b3e844d4d191] - page.onError - msg: ReferenceError: Can't find variable: toastr

  phantomjs://platform/console++.js:263 in error
[ERROR - 2019-10-05T11:12:49.876Z] Session [bfcde810-e760-11e9-a8af-b3e844d4d191] - page.onError - stack:
  global code (https://www.manhuadui.com/js/config.js:20)

  phantomjs://platform/console++.js:263 in error
[ERROR - 2019-10-05T11:12:51.675Z] Session [bfcde810-e760-11e9-a8af-b3e844d4d191] - page.onError - msg: ReferenceError: Can't find variable: toastr

  phantomjs://platform/console++.js:263 in error
[ERROR - 2019-10-05T11:12:51.675Z] Session [bfcde810-e760-11e9-a8af-b3e844d4d191] - page.onError - stack:
  global code (https://www.manhuadui.com/js/config.js:20)

  phantomjs://platform/console++.js:263 in error
